<?xml version="1.0" encoding="GBK" standalone="no"?>
<!DOCTYPE log SYSTEM "logger.dtd">
<log>
<record>
  <date>2018-12-30T04:17:19</date>
  <millis>1546114639079</millis>
  <sequence>0</sequence>
  <logger>org.uma.jmetal.util.JMetalLogger</logger>
  <level>INFO</level>
  <class>org.uma.jmetal.util.JMetalLogger</class>
  <method>configureLoggers</method>
  <thread>1</thread>
  <message>Loggers configured with null</message>
</record>
<record>
  <date>2018-12-30T04:17:19</date>
  <millis>1546114639090</millis>
  <sequence>1</sequence>
  <logger>org.uma.jmetal.util.JMetalLogger</logger>
  <level>INFO</level>
  <class>edu.ustc.moea.qualityIndicator.CommandLineIndicatorRunner</class>
  <method>calculateAndPrintIndicators</method>
  <thread>1</thread>
  <message>The fronts are NOT NORMALIZED before computing the indicators</message>
</record>
<record>
  <date>2018-12-30T04:17:19</date>
  <millis>1546114639121</millis>
  <sequence>2</sequence>
  <logger>org.uma.jmetal.util.JMetalLogger</logger>
  <level>INFO</level>
  <class>edu.ustc.moea.qualityIndicator.CommandLineIndicatorRunner</class>
  <method>calculateAndPrintIndicators</method>
  <thread>1</thread>
  <message>SC(refPF, front): 1.0</message>
</record>
<record>
  <date>2018-12-30T04:17:19</date>
  <millis>1546114639121</millis>
  <sequence>3</sequence>
  <logger>org.uma.jmetal.util.JMetalLogger</logger>
  <level>INFO</level>
  <class>edu.ustc.moea.qualityIndicator.CommandLineIndicatorRunner</class>
  <method>calculateAndPrintIndicators</method>
  <thread>1</thread>
  <message>SC(front, refPF): 0.0</message>
</record>
</log>
